<?xml version="1.0" encoding="UTF-8"?>
<testng-results ignored="0" total="2" passed="2" failed="0" skipped="0">
  <reporter-output>
  </reporter-output>
  <suite started-at="2021-11-09T18:40:57 IST" name="Default suite" finished-at="2021-11-09T18:40:57 IST" duration-ms="166">
    <groups>
    </groups>
    <test started-at="2021-11-09T18:40:57 IST" name="Default test" finished-at="2021-11-09T18:40:57 IST" duration-ms="166">
      <class name="com.jxl.write.Runner">
        <test-method signature="openBrowser()[pri:0, instance:com.jxl.write.Runner@4f209819]" started-at="2021-11-09T18:40:57 IST" name="openBrowser" finished-at="2021-11-09T18:40:57 IST" duration-ms="108" status="PASS">
          <reporter-output>
          </reporter-output>
        </test-method> <!-- openBrowser -->
        <test-method signature="writeNamesToExcel()[pri:0, instance:com.jxl.write.Runner@4f209819]" started-at="2021-11-09T18:40:57 IST" name="writeNamesToExcel" finished-at="2021-11-09T18:40:57 IST" duration-ms="26" status="PASS">
          <reporter-output>
          </reporter-output>
        </test-method> <!-- writeNamesToExcel -->
      </class> <!-- com.jxl.write.Runner -->
    </test> <!-- Default test -->
  </suite> <!-- Default suite -->
</testng-results>
