<?xml version="1.0" encoding="UTF-8"?>
<testng-results ignored="0" total="1" passed="1" failed="0" skipped="0">
  <reporter-output>
  </reporter-output>
  <suite started-at="2021-11-06T17:11:56 IST" name="Default suite" finished-at="2021-11-06T17:11:56 IST" duration-ms="142">
    <groups>
    </groups>
    <test started-at="2021-11-06T17:11:56 IST" name="Default test" finished-at="2021-11-06T17:11:56 IST" duration-ms="142">
      <class name="com.jxl.write.Runner">
        <test-method signature="openBrowser()[pri:0, instance:com.jxl.write.Runner@3d74bf60]" started-at="2021-11-06T17:11:56 IST" name="openBrowser" finished-at="2021-11-06T17:11:56 IST" duration-ms="111" status="PASS">
          <reporter-output>
          </reporter-output>
        </test-method> <!-- openBrowser -->
      </class> <!-- com.jxl.write.Runner -->
    </test> <!-- Default test -->
  </suite> <!-- Default suite -->
</testng-results>
